This is pdfTeX, Version 3.14159265-2.6-1.40.20 (MiKTeX 2.9.7250 64-bit) (preloaded format=pdflatex 2020.1.8)  12 JAN 2020 19:03
entering extended mode
**./Presentacion.tex
(Presentacion.tex
LaTeX2e <2019-10-01> patch level 3
("D:\Programas\MiKTeX 2.9\tex/latex/base\article.cls"
Document Class: article 2019/10/25 v1.4k Standard LaTeX document class
("D:\Programas\MiKTeX 2.9\tex/latex/base\size12.clo"
File: size12.clo 2019/10/25 v1.4k Standard LaTeX file (size option)
)
\c@part=\count80
\c@section=\count81
\c@subsection=\count82
\c@subsubsection=\count83
\c@paragraph=\count84
\c@subparagraph=\count85
\c@figure=\count86
\c@table=\count87
\abovecaptionskip=\skip41
\belowcaptionskip=\skip42
\bibindent=\dimen102
)
("D:\Programas\MiKTeX 2.9\tex/latex/base\fontenc.sty"
Package: fontenc 2018/08/11 v2.0j Standard LaTeX package

("D:\Programas\MiKTeX 2.9\tex/latex/base\t1enc.def"
File: t1enc.def 2018/08/11 v2.0j Standard LaTeX file
LaTeX Font Info:    Redeclaring font encoding T1 on input line 48.
))
("D:\Programas\MiKTeX 2.9\tex/latex/base\inputenc.sty"
Package: inputenc 2018/08/11 v1.3c Input encoding file
\inpenc@prehook=\toks14
\inpenc@posthook=\toks15
)
("D:\Programas\MiKTeX 2.9\tex/generic/babel\babel.sty"
Package: babel 2019/12/08 3.37 The Babel package

("D:\Programas\MiKTeX 2.9\tex/generic/babel\switch.def"
File: switch.def 2019/12/08 3.37 Babel switching mechanism
)
*************************************
* Local config file bblopts.cfg used
*
("D:\Programas\MiKTeX 2.9\tex/latex/arabi\bblopts.cfg"
File: bblopts.cfg 2005/09/08 v0.1 add Arabic and Farsi to "declared" options of
 babel
)
(C:\Users\Gabi\AppData\Roaming\MiKTeX\2.9\tex/latex/babel-spanish\spanish.ldf
Language: spanish.ldf 2016/03/03 v5.0p Spanish support from the babel system

("D:\Programas\MiKTeX 2.9\tex/generic/babel\babel.def"
File: babel.def 2019/12/08 3.37 Babel common definitions
\babel@savecnt=\count88
\U@D=\dimen103

("D:\Programas\MiKTeX 2.9\tex/generic/babel\txtbabel.def")
\bbl@dirlevel=\count89
)
\es@quottoks=\toks16
\es@quotdepth=\count90
Package babel Info: Making " an active character on input line 561.
Package babel Info: Making . an active character on input line 662.
Package babel Info: Making < an active character on input line 707.
Package babel Info: Making > an active character on input line 707.
))
("D:\Programas\MiKTeX 2.9\tex/latex/amsmath\amsmath.sty"
Package: amsmath 2019/11/16 v2.17d AMS math features
\@mathmargin=\skip43

For additional information on amsmath, use the `?' option.
("D:\Programas\MiKTeX 2.9\tex/latex/amsmath\amstext.sty"
Package: amstext 2000/06/29 v2.01 AMS text

("D:\Programas\MiKTeX 2.9\tex/latex/amsmath\amsgen.sty"
File: amsgen.sty 1999/11/30 v2.0 generic functions
\@emptytoks=\toks17
\ex@=\dimen104
))
("D:\Programas\MiKTeX 2.9\tex/latex/amsmath\amsbsy.sty"
Package: amsbsy 1999/11/29 v1.2d Bold Symbols
\pmbraise@=\dimen105
)
("D:\Programas\MiKTeX 2.9\tex/latex/amsmath\amsopn.sty"
Package: amsopn 2016/03/08 v2.02 operator names
)
\inf@bad=\count91
LaTeX Info: Redefining \frac on input line 227.
\uproot@=\count92
\leftroot@=\count93
LaTeX Info: Redefining \overline on input line 389.
\classnum@=\count94
\DOTSCASE@=\count95
LaTeX Info: Redefining \ldots on input line 486.
LaTeX Info: Redefining \dots on input line 489.
LaTeX Info: Redefining \cdots on input line 610.
\Mathstrutbox@=\box27
\strutbox@=\box28
\big@size=\dimen106
LaTeX Font Info:    Redeclaring font encoding OML on input line 733.
LaTeX Font Info:    Redeclaring font encoding OMS on input line 734.
\macc@depth=\count96
\c@MaxMatrixCols=\count97
\dotsspace@=\muskip10
\c@parentequation=\count98
\dspbrk@lvl=\count99
\tag@help=\toks18
\row@=\count100
\column@=\count101
\maxfields@=\count102
\andhelp@=\toks19
\eqnshift@=\dimen107
\alignsep@=\dimen108
\tagshift@=\dimen109
\tagwidth@=\dimen110
\totwidth@=\dimen111
\lineht@=\dimen112
\@envbody=\toks20
\multlinegap=\skip44
\multlinetaggap=\skip45
\mathdisplay@stack=\toks21
LaTeX Info: Redefining \[ on input line 2858.
LaTeX Info: Redefining \] on input line 2859.
)
("D:\Programas\MiKTeX 2.9\tex/latex/amsfonts\amssymb.sty"
Package: amssymb 2013/01/14 v3.01 AMS font symbols

("D:\Programas\MiKTeX 2.9\tex/latex/amsfonts\amsfonts.sty"
Package: amsfonts 2013/01/14 v3.01 Basic AMSFonts support
\symAMSa=\mathgroup4
\symAMSb=\mathgroup5
LaTeX Font Info:    Redeclaring math symbol \hbar on input line 98.
LaTeX Font Info:    Overwriting math alphabet `\mathfrak' in version `bold'
(Font)                  U/euf/m/n --> U/euf/b/n on input line 106.
))
("D:\Programas\MiKTeX 2.9\tex/latex/base\latexsym.sty"
Package: latexsym 1998/08/17 v2.2e Standard LaTeX package (lasy symbols)
\symlasy=\mathgroup6
LaTeX Font Info:    Overwriting symbol font `lasy' in version `bold'
(Font)                  U/lasy/m/n --> U/lasy/b/n on input line 52.
)
(C:\Users\Gabi\AppData\Roaming\MiKTeX\2.9\tex/latex/cancel\cancel.sty
Package: cancel 2013/04/12 v2.2 Cancel math terms
)
("D:\Programas\MiKTeX 2.9\tex/latex/graphics\graphicx.sty"
Package: graphicx 2017/06/01 v1.1a Enhanced LaTeX Graphics (DPC,SPQR)

("D:\Programas\MiKTeX 2.9\tex/latex/graphics\keyval.sty"
Package: keyval 2014/10/28 v1.15 key=value parser (DPC)
\KV@toks@=\toks22
)
("D:\Programas\MiKTeX 2.9\tex/latex/graphics\graphics.sty"
Package: graphics 2019/11/01 v1.3d Standard LaTeX Graphics (DPC,SPQR)

("D:\Programas\MiKTeX 2.9\tex/latex/graphics\trig.sty"
Package: trig 2016/01/03 v1.10 sin cos tan (DPC)
)
("D:\Programas\MiKTeX 2.9\tex/latex/graphics-cfg\graphics.cfg"
File: graphics.cfg 2016/06/04 v1.11 sample graphics configuration
)
Package graphics Info: Driver file: pdftex.def on input line 105.

("D:\Programas\MiKTeX 2.9\tex/latex/graphics-def\pdftex.def"
File: pdftex.def 2018/01/08 v1.0l Graphics/color driver for pdftex
))
\Gin@req@height=\dimen113
\Gin@req@width=\dimen114
)
("D:\Programas\MiKTeX 2.9\tex/latex/epstopdf-pkg\epstopdf.sty"
Package: epstopdf 2019-12-09 v2.10 Conversion with epstopdf on the fly (HO)

(C:\Users\Gabi\AppData\Roaming\MiKTeX\2.9\tex/generic/infwarerr\infwarerr.sty
Package: infwarerr 2019/12/03 v1.5 Providing info/warning/error messages (HO)
)
(C:\Users\Gabi\AppData\Roaming\MiKTeX\2.9\tex/latex/grfext\grfext.sty
Package: grfext 2019/12/03 v1.3 Manage graphics extensions (HO)

(C:\Users\Gabi\AppData\Roaming\MiKTeX\2.9\tex/generic/kvdefinekeys\kvdefinekeys
.sty
Package: kvdefinekeys 2019-12-19 v1.6 Define keys (HO)
))
(C:\Users\Gabi\AppData\Roaming\MiKTeX\2.9\tex/latex/kvoptions\kvoptions.sty
Package: kvoptions 2019/11/29 v3.13 Key value format for package options (HO)

(C:\Users\Gabi\AppData\Roaming\MiKTeX\2.9\tex/generic/ltxcmds\ltxcmds.sty
Package: ltxcmds 2019/12/15 v1.24 LaTeX kernel commands for general use (HO)
)
(C:\Users\Gabi\AppData\Roaming\MiKTeX\2.9\tex/generic/kvsetkeys\kvsetkeys.sty
Package: kvsetkeys 2019/12/15 v1.18 Key value parser (HO)
)) ("D:\Programas\MiKTeX 2.9\tex/latex/pdftexcmds\pdftexcmds.sty"
Package: pdftexcmds 2019/11/24 v0.31 Utility functions of pdfTeX for LuaTeX (HO
)

("D:\Programas\MiKTeX 2.9\tex/generic/iftex\iftex.sty"
Package: iftex 2019/11/07 v1.0c TeX engine tests
)
Package pdftexcmds Info: \pdf@primitive is available.
Package pdftexcmds Info: \pdf@ifprimitive is available.
Package pdftexcmds Info: \pdfdraftmode found.
)
("D:\Programas\MiKTeX 2.9\tex/latex/epstopdf-pkg\epstopdf-base.sty"
Package: epstopdf-base 2019-12-09 v2.10 Base part for package epstopdf
Package epstopdf-base Info: Redefining graphics rule for `.eps' on input line 4
85.
Package grfext Info: Graphics extension search list:
(grfext)             [.pdf,.png,.jpg,.mps,.jpeg,.jbig2,.jb2,.PDF,.PNG,.JPG,.JPE
G,.JBIG2,.JB2,.eps]
(grfext)             \AppendGraphicsExtensions on input line 504.
))
(C:\Users\Gabi\AppData\Roaming\MiKTeX\2.9\tex/latex/float\float.sty
Package: float 2001/11/08 v1.3d Float enhancements (AL)
\c@float@type=\count103
\float@exts=\toks23
\float@box=\box29
\@float@everytoks=\toks24
\@floatcapt=\box30
)
(C:\Users\Gabi\AppData\Roaming\MiKTeX\2.9\tex/latex/subfigure\subfigure.sty
Package: subfigure 2002/07/30 v2.1.4 subfigure package
\subfigtopskip=\skip46
\subfigcapskip=\skip47
\subfigcaptopadj=\dimen115
\subfigbottomskip=\skip48
\subfigcapmargin=\dimen116
\subfiglabelskip=\skip49
\c@subfigure=\count104
\c@lofdepth=\count105
\c@subtable=\count106
\c@lotdepth=\count107

****************************************
* Local config file subfigure.cfg used *
****************************************
(C:\Users\Gabi\AppData\Roaming\MiKTeX\2.9\tex/latex/subfigure\subfigure.cfg)
\subfig@top=\skip50
\subfig@bottom=\skip51
)
("D:\Programas\MiKTeX 2.9\tex/latex/tools\array.sty"
Package: array 2019/08/31 v2.4l Tabular extension package (FMi)
\col@sep=\dimen117
\ar@mcellbox=\box31
\extrarowheight=\dimen118
\NC@list=\toks25
\extratabsurround=\skip52
\backup@length=\skip53
\ar@cellbox=\box32
)
("D:\Programas\MiKTeX 2.9\tex/latex/tools\tabularx.sty"
Package: tabularx 2016/02/03 v2.11b `tabularx' package (DPC)
\TX@col@width=\dimen119
\TX@old@table=\dimen120
\TX@old@col=\dimen121
\TX@target=\dimen122
\TX@delta=\dimen123
\TX@cols=\count108
\TX@ftn=\toks26
)
("D:\Programas\MiKTeX 2.9\tex/latex/tools\longtable.sty"
Package: longtable 2019/02/06 v4.12 Multi-page Table package (DPC)
\LTleft=\skip54
\LTright=\skip55
\LTpre=\skip56
\LTpost=\skip57
\LTchunksize=\count109
\LTcapwidth=\dimen124
\LT@head=\box33
\LT@firsthead=\box34
\LT@foot=\box35
\LT@lastfoot=\box36
\LT@cols=\count110
\LT@rows=\count111
\c@LT@tables=\count112
\c@LT@chunks=\count113
\LT@p@ftn=\toks27
)
("D:\Programas\MiKTeX 2.9\tex/latex/tools\bm.sty"
Package: bm 2019/07/24 v1.2d Bold Symbol Support (DPC/FMi)
\symboldoperators=\mathgroup7
\symboldletters=\mathgroup8
\symboldsymbols=\mathgroup9
\symboldlasy=\mathgroup10
LaTeX Font Info:    Redeclaring math alphabet \mathbf on input line 141.
LaTeX Info: Redefining \bm on input line 209.
)
(C:\Users\Gabi\AppData\Roaming\MiKTeX\2.9\tex/latex/geometry\geometry.sty
Package: geometry 2020/01/02 v5.9 Page Geometry

("D:\Programas\MiKTeX 2.9\tex/generic/iftex\ifvtex.sty"
Package: ifvtex 2019/10/25 v1.7 ifvtex legacy package. Use iftex instead.
)
\Gm@cnth=\count114
\Gm@cntv=\count115
\c@Gm@tempcnt=\count116
\Gm@bindingoffset=\dimen125
\Gm@wd@mp=\dimen126
\Gm@odd@mp=\dimen127
\Gm@even@mp=\dimen128
\Gm@layoutwidth=\dimen129
\Gm@layoutheight=\dimen130
\Gm@layouthoffset=\dimen131
\Gm@layoutvoffset=\dimen132
\Gm@dimlist=\toks28

(C:\Users\Gabi\AppData\Roaming\MiKTeX\2.9\tex/latex/geometry\geometry.cfg))
(C:\Users\Gabi\AppData\Roaming\MiKTeX\2.9\tex/latex/fancyhdr\fancyhdr.sty
Package: fancyhdr 2019/01/31 v3.10 Extensive control of page headers and footer
s
\f@nch@headwidth=\skip58
\f@nch@O@elh=\skip59
\f@nch@O@erh=\skip60
\f@nch@O@olh=\skip61
\f@nch@O@orh=\skip62
\f@nch@O@elf=\skip63
\f@nch@O@erf=\skip64
\f@nch@O@olf=\skip65
\f@nch@O@orf=\skip66
)
("D:\Programas\MiKTeX 2.9\tex/latex/tools\enumerate.sty"
Package: enumerate 2015/07/23 v3.00 enumerate extensions (DPC)
\@enLab=\toks29
)
(C:\Users\Gabi\AppData\Roaming\MiKTeX\2.9\tex/latex/listings\listings.sty
\lst@mode=\count117
\lst@gtempboxa=\box37
\lst@token=\toks30
\lst@length=\count118
\lst@currlwidth=\dimen133
\lst@column=\count119
\lst@pos=\count120
\lst@lostspace=\dimen134
\lst@width=\dimen135
\lst@newlines=\count121
\lst@lineno=\count122
\lst@maxwidth=\dimen136

(C:\Users\Gabi\AppData\Roaming\MiKTeX\2.9\tex/latex/listings\lstmisc.sty
File: lstmisc.sty 2019/09/10 1.8c (Carsten Heinz)
\c@lstnumber=\count123
\lst@skipnumbers=\count124
\lst@framebox=\box38
)
(C:\Users\Gabi\AppData\Roaming\MiKTeX\2.9\tex/latex/listings\listings.cfg
File: listings.cfg 2019/09/10 1.8c listings configuration
))
Package: listings 2019/09/10 1.8c (Carsten Heinz)

(C:\Users\Gabi\AppData\Roaming\MiKTeX\2.9\tex/latex/multirow\multirow.sty
Package: multirow 2019/05/31 v2.5 Span multiple rows of a table
\multirow@colwidth=\skip67
\multirow@cntb=\count125
\multirow@dima=\skip68
\bigstrutjot=\dimen137
)
("D:\Programas\MiKTeX 2.9\tex/latex/pgfplots\pgfplots.sty"
("D:\Programas\MiKTeX 2.9\tex/generic/pgfplots\pgfplots.revision.tex")
Package: pgfplots 2018/03/28 v1.16 Data Visualization (1.16)

(C:\Users\Gabi\AppData\Roaming\MiKTeX\2.9\tex/latex/pgf/frontendlayer\tikz.sty
(C:\Users\Gabi\AppData\Roaming\MiKTeX\2.9\tex/latex/pgf/basiclayer\pgf.sty
(C:\Users\Gabi\AppData\Roaming\MiKTeX\2.9\tex/latex/pgf/utilities\pgfrcs.sty
(C:\Users\Gabi\AppData\Roaming\MiKTeX\2.9\tex/generic/pgf/utilities\pgfutil-com
mon.tex
\pgfutil@everybye=\toks31
\pgfutil@tempdima=\dimen138
\pgfutil@tempdimb=\dimen139

(C:\Users\Gabi\AppData\Roaming\MiKTeX\2.9\tex/generic/pgf/utilities\pgfutil-com
mon-lists.tex))
(C:\Users\Gabi\AppData\Roaming\MiKTeX\2.9\tex/generic/pgf/utilities\pgfutil-lat
ex.def
\pgfutil@abb=\box39
 ("D:\Programas\MiKTeX 2.9\tex/latex/ms\everyshi.sty"
Package: everyshi 2001/05/15 v3.00 EveryShipout Package (MS)
))
(C:\Users\Gabi\AppData\Roaming\MiKTeX\2.9\tex/generic/pgf/utilities\pgfrcs.code
.tex (C:\Users\Gabi\AppData\Roaming\MiKTeX\2.9\tex/generic/pgf\pgf.revision.tex
)
Package: pgfrcs 2020/01/08 v3.1.5b (3.1.5b)
))
Package: pgf 2020/01/08 v3.1.5b (3.1.5b)

(C:\Users\Gabi\AppData\Roaming\MiKTeX\2.9\tex/latex/pgf/basiclayer\pgfcore.sty
(C:\Users\Gabi\AppData\Roaming\MiKTeX\2.9\tex/latex/pgf/systemlayer\pgfsys.sty
(C:\Users\Gabi\AppData\Roaming\MiKTeX\2.9\tex/generic/pgf/systemlayer\pgfsys.co
de.tex
Package: pgfsys 2020/01/08 v3.1.5b (3.1.5b)

(C:\Users\Gabi\AppData\Roaming\MiKTeX\2.9\tex/generic/pgf/utilities\pgfkeys.cod
e.tex
\pgfkeys@pathtoks=\toks32
\pgfkeys@temptoks=\toks33

(C:\Users\Gabi\AppData\Roaming\MiKTeX\2.9\tex/generic/pgf/utilities\pgfkeysfilt
ered.code.tex
\pgfkeys@tmptoks=\toks34
))
\pgf@x=\dimen140
\pgf@y=\dimen141
\pgf@xa=\dimen142
\pgf@ya=\dimen143
\pgf@xb=\dimen144
\pgf@yb=\dimen145
\pgf@xc=\dimen146
\pgf@yc=\dimen147
\pgf@xd=\dimen148
\pgf@yd=\dimen149
\w@pgf@writea=\write3
\r@pgf@reada=\read1
\c@pgf@counta=\count126
\c@pgf@countb=\count127
\c@pgf@countc=\count128
\c@pgf@countd=\count129
\t@pgf@toka=\toks35
\t@pgf@tokb=\toks36
\t@pgf@tokc=\toks37
\pgf@sys@id@count=\count130

(C:\Users\Gabi\AppData\Roaming\MiKTeX\2.9\tex/generic/pgf/systemlayer\pgf.cfg
File: pgf.cfg 2020/01/08 v3.1.5b (3.1.5b)
)
Driver file for pgf: pgfsys-pdftex.def

(C:\Users\Gabi\AppData\Roaming\MiKTeX\2.9\tex/generic/pgf/systemlayer\pgfsys-pd
ftex.def
File: pgfsys-pdftex.def 2020/01/08 v3.1.5b (3.1.5b)

(C:\Users\Gabi\AppData\Roaming\MiKTeX\2.9\tex/generic/pgf/systemlayer\pgfsys-co
mmon-pdf.def
File: pgfsys-common-pdf.def 2020/01/08 v3.1.5b (3.1.5b)
)))
(C:\Users\Gabi\AppData\Roaming\MiKTeX\2.9\tex/generic/pgf/systemlayer\pgfsyssof
tpath.code.tex
File: pgfsyssoftpath.code.tex 2020/01/08 v3.1.5b (3.1.5b)
\pgfsyssoftpath@smallbuffer@items=\count131
\pgfsyssoftpath@bigbuffer@items=\count132
)
(C:\Users\Gabi\AppData\Roaming\MiKTeX\2.9\tex/generic/pgf/systemlayer\pgfsyspro
tocol.code.tex
File: pgfsysprotocol.code.tex 2020/01/08 v3.1.5b (3.1.5b)
)) ("D:\Programas\MiKTeX 2.9\tex/latex/xcolor\xcolor.sty"
Package: xcolor 2016/05/11 v2.12 LaTeX color extensions (UK)

("D:\Programas\MiKTeX 2.9\tex/latex/graphics-cfg\color.cfg"
File: color.cfg 2016/01/02 v1.6 sample color configuration
)
Package xcolor Info: Driver file: pdftex.def on input line 225.
Package xcolor Info: Model `cmy' substituted by `cmy0' on input line 1348.
Package xcolor Info: Model `hsb' substituted by `rgb' on input line 1352.
Package xcolor Info: Model `RGB' extended on input line 1364.
Package xcolor Info: Model `HTML' substituted by `rgb' on input line 1366.
Package xcolor Info: Model `Hsb' substituted by `hsb' on input line 1367.
Package xcolor Info: Model `tHsb' substituted by `hsb' on input line 1368.
Package xcolor Info: Model `HSB' substituted by `hsb' on input line 1369.
Package xcolor Info: Model `Gray' substituted by `gray' on input line 1370.
Package xcolor Info: Model `wave' substituted by `hsb' on input line 1371.
)
(C:\Users\Gabi\AppData\Roaming\MiKTeX\2.9\tex/generic/pgf/basiclayer\pgfcore.co
de.tex
Package: pgfcore 2020/01/08 v3.1.5b (3.1.5b)

(C:\Users\Gabi\AppData\Roaming\MiKTeX\2.9\tex/generic/pgf/math\pgfmath.code.tex

(C:\Users\Gabi\AppData\Roaming\MiKTeX\2.9\tex/generic/pgf/math\pgfmathcalc.code
.tex
(C:\Users\Gabi\AppData\Roaming\MiKTeX\2.9\tex/generic/pgf/math\pgfmathutil.code
.tex)
(C:\Users\Gabi\AppData\Roaming\MiKTeX\2.9\tex/generic/pgf/math\pgfmathparser.co
de.tex
\pgfmath@dimen=\dimen150
\pgfmath@count=\count133
\pgfmath@box=\box40
\pgfmath@toks=\toks38
\pgfmath@stack@operand=\toks39
\pgfmath@stack@operation=\toks40
)
(C:\Users\Gabi\AppData\Roaming\MiKTeX\2.9\tex/generic/pgf/math\pgfmathfunctions
.code.tex
(C:\Users\Gabi\AppData\Roaming\MiKTeX\2.9\tex/generic/pgf/math\pgfmathfunctions
.basic.code.tex)
(C:\Users\Gabi\AppData\Roaming\MiKTeX\2.9\tex/generic/pgf/math\pgfmathfunctions
.trigonometric.code.tex)
(C:\Users\Gabi\AppData\Roaming\MiKTeX\2.9\tex/generic/pgf/math\pgfmathfunctions
.random.code.tex)
(C:\Users\Gabi\AppData\Roaming\MiKTeX\2.9\tex/generic/pgf/math\pgfmathfunctions
.comparison.code.tex)
(C:\Users\Gabi\AppData\Roaming\MiKTeX\2.9\tex/generic/pgf/math\pgfmathfunctions
.base.code.tex)
(C:\Users\Gabi\AppData\Roaming\MiKTeX\2.9\tex/generic/pgf/math\pgfmathfunctions
.round.code.tex)
(C:\Users\Gabi\AppData\Roaming\MiKTeX\2.9\tex/generic/pgf/math\pgfmathfunctions
.misc.code.tex)
(C:\Users\Gabi\AppData\Roaming\MiKTeX\2.9\tex/generic/pgf/math\pgfmathfunctions
.integerarithmetics.code.tex)))
(C:\Users\Gabi\AppData\Roaming\MiKTeX\2.9\tex/generic/pgf/math\pgfmathfloat.cod
e.tex
\c@pgfmathroundto@lastzeros=\count134
))
(C:\Users\Gabi\AppData\Roaming\MiKTeX\2.9\tex/generic/pgf/math\pgfint.code.tex)

(C:\Users\Gabi\AppData\Roaming\MiKTeX\2.9\tex/generic/pgf/basiclayer\pgfcorepoi
nts.code.tex
File: pgfcorepoints.code.tex 2020/01/08 v3.1.5b (3.1.5b)
\pgf@picminx=\dimen151
\pgf@picmaxx=\dimen152
\pgf@picminy=\dimen153
\pgf@picmaxy=\dimen154
\pgf@pathminx=\dimen155
\pgf@pathmaxx=\dimen156
\pgf@pathminy=\dimen157
\pgf@pathmaxy=\dimen158
\pgf@xx=\dimen159
\pgf@xy=\dimen160
\pgf@yx=\dimen161
\pgf@yy=\dimen162
\pgf@zx=\dimen163
\pgf@zy=\dimen164
)
(C:\Users\Gabi\AppData\Roaming\MiKTeX\2.9\tex/generic/pgf/basiclayer\pgfcorepat
hconstruct.code.tex
File: pgfcorepathconstruct.code.tex 2020/01/08 v3.1.5b (3.1.5b)
\pgf@path@lastx=\dimen165
\pgf@path@lasty=\dimen166
)
(C:\Users\Gabi\AppData\Roaming\MiKTeX\2.9\tex/generic/pgf/basiclayer\pgfcorepat
husage.code.tex
File: pgfcorepathusage.code.tex 2020/01/08 v3.1.5b (3.1.5b)
\pgf@shorten@end@additional=\dimen167
\pgf@shorten@start@additional=\dimen168
)
(C:\Users\Gabi\AppData\Roaming\MiKTeX\2.9\tex/generic/pgf/basiclayer\pgfcoresco
pes.code.tex
File: pgfcorescopes.code.tex 2020/01/08 v3.1.5b (3.1.5b)
\pgfpic=\box41
\pgf@hbox=\box42
\pgf@layerbox@main=\box43
\pgf@picture@serial@count=\count135
)
(C:\Users\Gabi\AppData\Roaming\MiKTeX\2.9\tex/generic/pgf/basiclayer\pgfcoregra
phicstate.code.tex
File: pgfcoregraphicstate.code.tex 2020/01/08 v3.1.5b (3.1.5b)
\pgflinewidth=\dimen169
)
(C:\Users\Gabi\AppData\Roaming\MiKTeX\2.9\tex/generic/pgf/basiclayer\pgfcoretra
nsformations.code.tex
File: pgfcoretransformations.code.tex 2020/01/08 v3.1.5b (3.1.5b)
\pgf@pt@x=\dimen170
\pgf@pt@y=\dimen171
\pgf@pt@temp=\dimen172
)
(C:\Users\Gabi\AppData\Roaming\MiKTeX\2.9\tex/generic/pgf/basiclayer\pgfcorequi
ck.code.tex
File: pgfcorequick.code.tex 2020/01/08 v3.1.5b (3.1.5b)
)
(C:\Users\Gabi\AppData\Roaming\MiKTeX\2.9\tex/generic/pgf/basiclayer\pgfcoreobj
ects.code.tex
File: pgfcoreobjects.code.tex 2020/01/08 v3.1.5b (3.1.5b)
)
(C:\Users\Gabi\AppData\Roaming\MiKTeX\2.9\tex/generic/pgf/basiclayer\pgfcorepat
hprocessing.code.tex
File: pgfcorepathprocessing.code.tex 2020/01/08 v3.1.5b (3.1.5b)
)
(C:\Users\Gabi\AppData\Roaming\MiKTeX\2.9\tex/generic/pgf/basiclayer\pgfcorearr
ows.code.tex
File: pgfcorearrows.code.tex 2020/01/08 v3.1.5b (3.1.5b)
\pgfarrowsep=\dimen173
)
(C:\Users\Gabi\AppData\Roaming\MiKTeX\2.9\tex/generic/pgf/basiclayer\pgfcoresha
de.code.tex
File: pgfcoreshade.code.tex 2020/01/08 v3.1.5b (3.1.5b)
\pgf@max=\dimen174
\pgf@sys@shading@range@num=\count136
\pgf@shadingcount=\count137
)
(C:\Users\Gabi\AppData\Roaming\MiKTeX\2.9\tex/generic/pgf/basiclayer\pgfcoreima
ge.code.tex
File: pgfcoreimage.code.tex 2020/01/08 v3.1.5b (3.1.5b)

(C:\Users\Gabi\AppData\Roaming\MiKTeX\2.9\tex/generic/pgf/basiclayer\pgfcoreext
ernal.code.tex
File: pgfcoreexternal.code.tex 2020/01/08 v3.1.5b (3.1.5b)
\pgfexternal@startupbox=\box44
))
(C:\Users\Gabi\AppData\Roaming\MiKTeX\2.9\tex/generic/pgf/basiclayer\pgfcorelay
ers.code.tex
File: pgfcorelayers.code.tex 2020/01/08 v3.1.5b (3.1.5b)
)
(C:\Users\Gabi\AppData\Roaming\MiKTeX\2.9\tex/generic/pgf/basiclayer\pgfcoretra
nsparency.code.tex
File: pgfcoretransparency.code.tex 2020/01/08 v3.1.5b (3.1.5b)
)
(C:\Users\Gabi\AppData\Roaming\MiKTeX\2.9\tex/generic/pgf/basiclayer\pgfcorepat
terns.code.tex
File: pgfcorepatterns.code.tex 2020/01/08 v3.1.5b (3.1.5b)
)
(C:\Users\Gabi\AppData\Roaming\MiKTeX\2.9\tex/generic/pgf/basiclayer\pgfcorerdf
.code.tex
File: pgfcorerdf.code.tex 2020/01/08 v3.1.5b (3.1.5b)
)))
(C:\Users\Gabi\AppData\Roaming\MiKTeX\2.9\tex/generic/pgf/modules\pgfmoduleshap
es.code.tex
File: pgfmoduleshapes.code.tex 2020/01/08 v3.1.5b (3.1.5b)
\pgfnodeparttextbox=\box45
)
(C:\Users\Gabi\AppData\Roaming\MiKTeX\2.9\tex/generic/pgf/modules\pgfmoduleplot
.code.tex
File: pgfmoduleplot.code.tex 2020/01/08 v3.1.5b (3.1.5b)
)
(C:\Users\Gabi\AppData\Roaming\MiKTeX\2.9\tex/latex/pgf/compatibility\pgfcomp-v
ersion-0-65.sty
Package: pgfcomp-version-0-65 2020/01/08 v3.1.5b (3.1.5b)
\pgf@nodesepstart=\dimen175
\pgf@nodesepend=\dimen176
)
(C:\Users\Gabi\AppData\Roaming\MiKTeX\2.9\tex/latex/pgf/compatibility\pgfcomp-v
ersion-1-18.sty
Package: pgfcomp-version-1-18 2020/01/08 v3.1.5b (3.1.5b)
))
(C:\Users\Gabi\AppData\Roaming\MiKTeX\2.9\tex/latex/pgf/utilities\pgffor.sty
(C:\Users\Gabi\AppData\Roaming\MiKTeX\2.9\tex/latex/pgf/utilities\pgfkeys.sty
(C:\Users\Gabi\AppData\Roaming\MiKTeX\2.9\tex/generic/pgf/utilities\pgfkeys.cod
e.tex))
(C:\Users\Gabi\AppData\Roaming\MiKTeX\2.9\tex/latex/pgf/math\pgfmath.sty
(C:\Users\Gabi\AppData\Roaming\MiKTeX\2.9\tex/generic/pgf/math\pgfmath.code.tex
))
(C:\Users\Gabi\AppData\Roaming\MiKTeX\2.9\tex/generic/pgf/utilities\pgffor.code
.tex
Package: pgffor 2020/01/08 v3.1.5b (3.1.5b)

(C:\Users\Gabi\AppData\Roaming\MiKTeX\2.9\tex/generic/pgf/math\pgfmath.code.tex
)
\pgffor@iter=\dimen177
\pgffor@skip=\dimen178
\pgffor@stack=\toks41
\pgffor@toks=\toks42
))
(C:\Users\Gabi\AppData\Roaming\MiKTeX\2.9\tex/generic/pgf/frontendlayer/tikz\ti
kz.code.tex
Package: tikz 2020/01/08 v3.1.5b (3.1.5b)

(C:\Users\Gabi\AppData\Roaming\MiKTeX\2.9\tex/generic/pgf/libraries\pgflibraryp
lothandlers.code.tex
File: pgflibraryplothandlers.code.tex 2020/01/08 v3.1.5b (3.1.5b)
\pgf@plot@mark@count=\count138
\pgfplotmarksize=\dimen179
)
\tikz@lastx=\dimen180
\tikz@lasty=\dimen181
\tikz@lastxsaved=\dimen182
\tikz@lastysaved=\dimen183
\tikz@lastmovetox=\dimen184
\tikz@lastmovetoy=\dimen185
\tikzleveldistance=\dimen186
\tikzsiblingdistance=\dimen187
\tikz@figbox=\box46
\tikz@figbox@bg=\box47
\tikz@tempbox=\box48
\tikz@tempbox@bg=\box49
\tikztreelevel=\count139
\tikznumberofchildren=\count140
\tikznumberofcurrentchild=\count141
\tikz@fig@count=\count142

(C:\Users\Gabi\AppData\Roaming\MiKTeX\2.9\tex/generic/pgf/modules\pgfmodulematr
ix.code.tex
File: pgfmodulematrix.code.tex 2020/01/08 v3.1.5b (3.1.5b)
\pgfmatrixcurrentrow=\count143
\pgfmatrixcurrentcolumn=\count144
\pgf@matrix@numberofcolumns=\count145
)
\tikz@expandcount=\count146

(C:\Users\Gabi\AppData\Roaming\MiKTeX\2.9\tex/generic/pgf/frontendlayer/tikz/li
braries\tikzlibrarytopaths.code.tex
File: tikzlibrarytopaths.code.tex 2020/01/08 v3.1.5b (3.1.5b)
)))
("D:\Programas\MiKTeX 2.9\tex/generic/pgfplots\pgfplots.code.tex"
("D:\Programas\MiKTeX 2.9\tex/generic/pgfplots\pgfplotscore.code.tex"
\t@pgfplots@toka=\toks43
\t@pgfplots@tokb=\toks44
\t@pgfplots@tokc=\toks45
\pgfplots@tmpa=\dimen188
\c@pgfplots@coordindex=\count147
\c@pgfplots@scanlineindex=\count148

("D:\Programas\MiKTeX 2.9\tex/generic/pgfplots/sys\pgfplotssysgeneric.code.tex"
)) ("D:\Programas\MiKTeX 2.9\tex/generic/pgfplots/libs\pgfplotslibrary.code.tex
")
("D:\Programas\MiKTeX 2.9\tex/generic/pgfplots/oldpgfcompatib\pgfplotsoldpgfsup
p_loader.code.tex"
(C:\Users\Gabi\AppData\Roaming\MiKTeX\2.9\tex/generic/pgf/libraries\pgflibraryf
pu.code.tex))
("D:\Programas\MiKTeX 2.9\tex/generic/pgfplots/util\pgfplotsutil.code.tex"
("D:\Programas\MiKTeX 2.9\tex/generic/pgfplots/liststructure\pgfplotsliststruct
ure.code.tex")
("D:\Programas\MiKTeX 2.9\tex/generic/pgfplots/liststructure\pgfplotsliststruct
ureext.code.tex")
("D:\Programas\MiKTeX 2.9\tex/generic/pgfplots/liststructure\pgfplotsarray.code
.tex"
\c@pgfplotsarray@tmp=\count149
)
("D:\Programas\MiKTeX 2.9\tex/generic/pgfplots/liststructure\pgfplotsmatrix.cod
e.tex")
("D:\Programas\MiKTeX 2.9\tex/generic/pgfplots/numtable\pgfplotstableshared.cod
e.tex"
\c@pgfplotstable@counta=\count150
\t@pgfplotstable@a=\toks46
)
("D:\Programas\MiKTeX 2.9\tex/generic/pgfplots/liststructure\pgfplotsdeque.code
.tex")
("D:\Programas\MiKTeX 2.9\tex/generic/pgfplots/util\pgfplotsbinary.code.tex"
("D:\Programas\MiKTeX 2.9\tex/generic/pgfplots/util\pgfplotsbinary.data.code.te
x"))
("D:\Programas\MiKTeX 2.9\tex/generic/pgfplots/util\pgfplotsutil.verb.code.tex"
)
("D:\Programas\MiKTeX 2.9\tex/generic/pgfplots/libs\pgflibrarypgfplots.surfshad
ing.code.tex"
\c@pgfplotslibrarysurf@no=\count151

("D:\Programas\MiKTeX 2.9\tex/generic/pgfplots/sys\pgflibrarypgfplots.surfshadi
ng.pgfsys-pdftex.def")))
("D:\Programas\MiKTeX 2.9\tex/generic/pgfplots/util\pgfplotscolormap.code.tex"
("D:\Programas\MiKTeX 2.9\tex/generic/pgfplots/util\pgfplotscolor.code.tex"))
("D:\Programas\MiKTeX 2.9\tex/generic/pgfplots\pgfplotsstackedplots.code.tex")
("D:\Programas\MiKTeX 2.9\tex/generic/pgfplots\pgfplotsplothandlers.code.tex"
("D:\Programas\MiKTeX 2.9\tex/generic/pgfplots\pgfplotsmeshplothandler.code.tex
" ("D:\Programas\MiKTeX 2.9\tex/generic/pgfplots\pgfplotsmeshplotimage.code.tex
"))) ("D:\Programas\MiKTeX 2.9\tex/generic/pgfplots\pgfplots.scaling.code.tex")
("D:\Programas\MiKTeX 2.9\tex/generic/pgfplots\pgfplotscoordprocessing.code.tex
") ("D:\Programas\MiKTeX 2.9\tex/generic/pgfplots\pgfplots.errorbars.code.tex")
("D:\Programas\MiKTeX 2.9\tex/generic/pgfplots\pgfplots.markers.code.tex")
("D:\Programas\MiKTeX 2.9\tex/generic/pgfplots\pgfplotsticks.code.tex")
("D:\Programas\MiKTeX 2.9\tex/generic/pgfplots\pgfplots.paths.code.tex")
(C:\Users\Gabi\AppData\Roaming\MiKTeX\2.9\tex/generic/pgf/frontendlayer/tikz/li
braries\tikzlibrarydecorations.code.tex
(C:\Users\Gabi\AppData\Roaming\MiKTeX\2.9\tex/generic/pgf/modules\pgfmoduledeco
rations.code.tex
\pgfdecoratedcompleteddistance=\dimen189
\pgfdecoratedremainingdistance=\dimen190
\pgfdecoratedinputsegmentcompleteddistance=\dimen191
\pgfdecoratedinputsegmentremainingdistance=\dimen192
\pgf@decorate@distancetomove=\dimen193
\pgf@decorate@repeatstate=\count152
\pgfdecorationsegmentamplitude=\dimen194
\pgfdecorationsegmentlength=\dimen195
)
\tikz@lib@dec@box=\box50
)
(C:\Users\Gabi\AppData\Roaming\MiKTeX\2.9\tex/generic/pgf/frontendlayer/tikz/li
braries\tikzlibrarydecorations.pathmorphing.code.tex
(C:\Users\Gabi\AppData\Roaming\MiKTeX\2.9\tex/generic/pgf/libraries/decorations
\pgflibrarydecorations.pathmorphing.code.tex))
(C:\Users\Gabi\AppData\Roaming\MiKTeX\2.9\tex/generic/pgf/frontendlayer/tikz/li
braries\tikzlibrarydecorations.pathreplacing.code.tex
(C:\Users\Gabi\AppData\Roaming\MiKTeX\2.9\tex/generic/pgf/libraries/decorations
\pgflibrarydecorations.pathreplacing.code.tex))
\pgfplots@numplots=\count153
\pgfplots@xmin@reg=\dimen196
\pgfplots@xmax@reg=\dimen197
\pgfplots@ymin@reg=\dimen198
\pgfplots@ymax@reg=\dimen199
\pgfplots@zmin@reg=\dimen256
\pgfplots@zmax@reg=\dimen257
)
(C:\Users\Gabi\AppData\Roaming\MiKTeX\2.9\tex/generic/pgf/frontendlayer/tikz/li
braries\tikzlibraryplotmarks.code.tex
File: tikzlibraryplotmarks.code.tex 2020/01/08 v3.1.5b (3.1.5b)

(C:\Users\Gabi\AppData\Roaming\MiKTeX\2.9\tex/generic/pgf/libraries\pgflibraryp
lotmarks.code.tex
File: pgflibraryplotmarks.code.tex 2020/01/08 v3.1.5b (3.1.5b)
))) (Presentacion.aux
LaTeX Info: Redefining \. on input line 7.
LaTeX Info: Redefining \% on input line 7.


LaTeX Warning: Label `fgr:Flujo_principal' multiply defined.


LaTeX Warning: Label `fgr:Fuente_de_corriente' multiply defined.

)
\openout1 = `Presentacion.aux'.

LaTeX Font Info:    Checking defaults for OML/cmm/m/it on input line 44.
LaTeX Font Info:    ... okay on input line 44.
LaTeX Font Info:    Checking defaults for T1/cmr/m/n on input line 44.
LaTeX Font Info:    ... okay on input line 44.
LaTeX Font Info:    Checking defaults for OT1/cmr/m/n on input line 44.
LaTeX Font Info:    ... okay on input line 44.
LaTeX Font Info:    Checking defaults for OMS/cmsy/m/n on input line 44.
LaTeX Font Info:    ... okay on input line 44.
LaTeX Font Info:    Checking defaults for OMX/cmex/m/n on input line 44.
LaTeX Font Info:    ... okay on input line 44.
LaTeX Font Info:    Checking defaults for U/cmr/m/n on input line 44.
LaTeX Font Info:    ... okay on input line 44.
LaTeX Info: Redefining \. on input line 44.
LaTeX Info: Redefining \% on input line 44.
 ("D:\Programas\MiKTeX 2.9\tex/context/base/mkii\supp-pdf.mkii"
[Loading MPS to PDF converter (version 2006.09.02).]
\scratchcounter=\count154
\scratchdimen=\dimen258
\scratchbox=\box51
\nofMPsegments=\count155
\nofMParguments=\count156
\everyMPshowfont=\toks47
\MPscratchCnt=\count157
\MPscratchDim=\dimen259
\MPnumerator=\count158
\makeMPintoPDFobject=\count159
\everyMPtoPDFconversion=\toks48
)
*geometry* driver: auto-detecting
*geometry* detected driver: pdftex
*geometry* verbose mode - [ preamble ] result:
* driver: pdftex
* paper: <default>
* layout: <same size as paper>
* layoutoffset:(h,v)=(0.0pt,0.0pt)
* modes: 
* h-part:(L,W,R)=(56.9055pt, 500.484pt, 56.9055pt)
* v-part:(T,H,B)=(71.13188pt, 666.9326pt, 56.9055pt)
* \paperwidth=614.295pt
* \paperheight=794.96999pt
* \textwidth=500.484pt
* \textheight=666.9326pt
* \oddsidemargin=-15.36449pt
* \evensidemargin=-15.36449pt
* \topmargin=-38.1381pt
* \headheight=12.0pt
* \headsep=25.0pt
* \topskip=12.0pt
* \footskip=30.0pt
* \marginparwidth=44.0pt
* \marginparsep=10.0pt
* \columnsep=10.0pt
* \skip\footins=10.8pt plus 4.0pt minus 2.0pt
* \hoffset=0.0pt
* \voffset=0.0pt
* \mag=1000
* \@twocolumnfalse
* \@twosidefalse
* \@mparswitchfalse
* \@reversemarginfalse
* (1in=72.27pt=25.4mm, 1cm=28.453pt)

\c@lstlisting=\count160
ABD: EveryShipout initializing macros
Package pgfplots notification 'compat/show suggested version=true': you might b
enefit from \pgfplotsset{compat=1.16} (current compat level: 1.9).

LaTeX Font Info:    Trying to load font information for U+msa on input line 53.

("D:\Programas\MiKTeX 2.9\tex/latex/amsfonts\umsa.fd"
File: umsa.fd 2013/01/14 v3.01 AMS symbols A
)
LaTeX Font Info:    Trying to load font information for U+msb on input line 53.


("D:\Programas\MiKTeX 2.9\tex/latex/amsfonts\umsb.fd"
File: umsb.fd 2013/01/14 v3.01 AMS symbols B
)
LaTeX Font Info:    Trying to load font information for U+lasy on input line 53
.

("D:\Programas\MiKTeX 2.9\tex/latex/base\ulasy.fd"
File: ulasy.fd 1998/08/17 v2.2e LaTeX symbol font definitions
)
<src/institucion/Logo_fcal-1174x247.png, id=4, 1178.4025pt x 247.92625pt>
File: src/institucion/Logo_fcal-1174x247.png Graphic file (type png)
<use src/institucion/Logo_fcal-1174x247.png>
Package pdftex.def Info: src/institucion/Logo_fcal-1174x247.png  used on input 
line 58.
(pdftex.def)             Requested size: 412.44705pt x 86.77548pt.
 [1

{C:/Users/Gabi/AppData/Local/MiKTeX/2.9/pdftex/config/pdftex.map} <./src/instit
ucion/Logo_fcal-1174x247.png>] (Presentacion.toc
LaTeX Info: Redefining \. on input line 1.
LaTeX Info: Redefining \% on input line 1.
LaTeX Font Info:    Font shape `U/lasy/b/n' in size <8> not available
(Font)              Font shape `U/lasy/m/n' tried instead on input line 4.
LaTeX Font Info:    Font shape `U/lasy/b/n' in size <6> not available
(Font)              Font shape `U/lasy/m/n' tried instead on input line 4.
)
\tf@toc=\write4
\openout4 = `Presentacion.toc'.

 [1]
<src/institucion/Logo_uner-434x331.png, id=19, 435.6275pt x 332.24126pt>
File: src/institucion/Logo_uner-434x331.png Graphic file (type png)
<use src/institucion/Logo_uner-434x331.png>
Package pdftex.def Info: src/institucion/Logo_uner-434x331.png  used on input l
ine 127.
(pdftex.def)             Requested size: 26.13652pt x 19.93361pt.


Package Fancyhdr Warning: \headheight is too small (12.0pt): 
Make it at least 24.28365pt.
We now make it that large for the rest of the document.
This may cause the page layout to be inconsistent, however.

[1 <./src/institucion/Logo_uner-434x331.png>]
<../Imagenes/Tubos.png, id=25, 714.2685pt x 404.712pt>
File: ../Imagenes/Tubos.png Graphic file (type png)
<use ../Imagenes/Tubos.png>
Package pdftex.def Info: ../Imagenes/Tubos.png  used on input line 132.
(pdftex.def)             Requested size: 357.13338pt x 202.3555pt.
File: src/institucion/Logo_uner-434x331.png Graphic file (type png)
<use src/institucion/Logo_uner-434x331.png>
Package pdftex.def Info: src/institucion/Logo_uner-434x331.png  used on input l
ine 155.
(pdftex.def)             Requested size: 26.13652pt x 19.93361pt.
 [2 <../Imagenes/Tubos.png>]
<src/imagenes/Flujo_principal.jpg, id=30, 386.04225pt x 321.6015pt>
File: src/imagenes/Flujo_principal.jpg Graphic file (type jpg)
<use src/imagenes/Flujo_principal.jpg>
Package pdftex.def Info: src/imagenes/Flujo_principal.jpg  used on input line 1
70.
(pdftex.def)             Requested size: 308.83421pt x 257.28154pt.
File: src/institucion/Logo_uner-434x331.png Graphic file (type png)
<use src/institucion/Logo_uner-434x331.png>
Package pdftex.def Info: src/institucion/Logo_uner-434x331.png  used on input l
ine 183.
(pdftex.def)             Requested size: 26.13652pt x 19.93361pt.

[3 <./src/imagenes/Flujo_principal.jpg>]
Underfull \hbox (badness 10000) in paragraph at lines 187--188

 []


Underfull \hbox (badness 10000) in paragraph at lines 189--190

 []


Underfull \hbox (badness 10000) in paragraph at lines 193--194

 []


Underfull \hbox (badness 10000) in paragraph at lines 195--196

 []


Underfull \hbox (badness 10000) in paragraph at lines 197--198

 []

<src/imagenes/Linealización_de_NTC.png, id=34, 744.381pt x 513.117pt>
File: src/imagenes/Linealización_de_NTC.png Graphic file (type png)
<use src/imagenes/Linealización_de_NTC.png>
Package pdftex.def Info: src/imagenes/Linealización_de_NTC.png  used on input 
line 203.
(pdftex.def)             Requested size: 446.63205pt x 307.87257pt.
File: src/institucion/Logo_uner-434x331.png Graphic file (type png)
<use src/institucion/Logo_uner-434x331.png>
Package pdftex.def Info: src/institucion/Logo_uner-434x331.png  used on input l
ine 207.
(pdftex.def)             Requested size: 26.13652pt x 19.93361pt.
[4]
Underfull \hbox (badness 10000) in paragraph at lines 208--209

 []


Underfull \hbox (badness 10000) in paragraph at lines 230--231

 []


Underfull \hbox (badness 10000) in paragraph at lines 232--233

 []

File: src/institucion/Logo_uner-434x331.png Graphic file (type png)
<use src/institucion/Logo_uner-434x331.png>
Package pdftex.def Info: src/institucion/Logo_uner-434x331.png  used on input l
ine 234.
(pdftex.def)             Requested size: 26.13652pt x 19.93361pt.
[5 <./src/imagenes/Linealización_de_NTC.png (PNG copy)>]
Underfull \hbox (badness 10000) in paragraph at lines 250--251

 []

<src/imagenes/Curva_NTC.png, id=48, 526.96875pt x 395.22656pt>
File: src/imagenes/Curva_NTC.png Graphic file (type png)
<use src/imagenes/Curva_NTC.png>
Package pdftex.def Info: src/imagenes/Curva_NTC.png  used on input line 256.
(pdftex.def)             Requested size: 526.96745pt x 395.22559pt.

Overfull \hbox (26.48346pt too wide) in paragraph at lines 256--258
 [][] 
 []

File: src/institucion/Logo_uner-434x331.png Graphic file (type png)
<use src/institucion/Logo_uner-434x331.png>
Package pdftex.def Info: src/institucion/Logo_uner-434x331.png  used on input l
ine 260.
(pdftex.def)             Requested size: 26.13652pt x 19.93361pt.
[6]
File: src/institucion/Logo_uner-434x331.png Graphic file (type png)
<use src/institucion/Logo_uner-434x331.png>
Package pdftex.def Info: src/institucion/Logo_uner-434x331.png  used on input l
ine 281.
(pdftex.def)             Requested size: 26.13652pt x 19.93361pt.
 [7 <./src/imagenes/Curva_NTC.png (PNG copy)>]
Underfull \hbox (badness 10000) in paragraph at lines 288--289

 []

<src/imagenes/Grafica_NTC.png, id=58, 682.04813pt x 408.77719pt>
File: src/imagenes/Grafica_NTC.png Graphic file (type png)
<use src/imagenes/Grafica_NTC.png>
Package pdftex.def Info: src/imagenes/Grafica_NTC.png  used on input line 294.
(pdftex.def)             Requested size: 409.23204pt x 245.2682pt.

Underfull \hbox (badness 10000) in paragraph at lines 302--303

 []

<src/imagenes/Fuente_de_corriente.png, id=59, 744.381pt x 513.117pt>
File: src/imagenes/Fuente_de_corriente.png Graphic file (type png)
<use src/imagenes/Fuente_de_corriente.png>
Package pdftex.def Info: src/imagenes/Fuente_de_corriente.png  used on input li
ne 308.
(pdftex.def)             Requested size: 446.63205pt x 307.87257pt.
File: src/institucion/Logo_uner-434x331.png Graphic file (type png)
<use src/institucion/Logo_uner-434x331.png>
Package pdftex.def Info: src/institucion/Logo_uner-434x331.png  used on input l
ine 312.
(pdftex.def)             Requested size: 26.13652pt x 19.93361pt.
[8 <./src/imagenes/Grafica_NTC.png>]
<src/imagenes/Grafica_hilo_caliente.png, id=64, 734.745pt x 460.72125pt>
File: src/imagenes/Grafica_hilo_caliente.png Graphic file (type png)
<use src/imagenes/Grafica_hilo_caliente.png>
Package pdftex.def Info: src/imagenes/Grafica_hilo_caliente.png  used on input 
line 315.
(pdftex.def)             Requested size: 440.85039pt x 276.43488pt.

Underfull \hbox (badness 10000) in paragraph at lines 320--321

 []

File: src/institucion/Logo_uner-434x331.png Graphic file (type png)
<use src/institucion/Logo_uner-434x331.png>
Package pdftex.def Info: src/institucion/Logo_uner-434x331.png  used on input l
ine 321.
(pdftex.def)             Requested size: 26.13652pt x 19.93361pt.
[9 <./src/imagenes/Fuente_de_corriente.png (PNG copy)> <./src/imagenes/Grafica_
hilo_caliente.png>]
<src/imagenes/Centro_de_control.png, id=69, 744.381pt x 513.117pt>
File: src/imagenes/Centro_de_control.png Graphic file (type png)
<use src/imagenes/Centro_de_control.png>
Package pdftex.def Info: src/imagenes/Centro_de_control.png  used on input line
 329.
(pdftex.def)             Requested size: 446.63205pt x 307.87257pt.
File: src/institucion/Logo_uner-434x331.png Graphic file (type png)
<use src/institucion/Logo_uner-434x331.png>
Package pdftex.def Info: src/institucion/Logo_uner-434x331.png  used on input l
ine 371.
(pdftex.def)             Requested size: 26.13652pt x 19.93361pt.
 [10 <./src/imagenes/Centro_de_control.png (PNG copy)>]
Overfull \hbox (23.82056pt too wide) in paragraph at lines 383--383
[]|\T1/cmr/m/n/12 0x00|  
 []


Overfull \hbox (23.82056pt too wide) in paragraph at lines 386--386
[]|\T1/cmr/m/n/12 0x01|  
 []


Overfull \hbox (23.82056pt too wide) in paragraph at lines 389--389
[]|\T1/cmr/m/n/12 0x02|  
 []


Overfull \hbox (23.82056pt too wide) in paragraph at lines 392--392
[]|\T1/cmr/m/n/12 0x03|  
 []


Overfull \hbox (27.73209pt too wide) in paragraph at lines 397--397
[]|\T1/cmr/m/n/12 0xFE|  
 []

<src/imagenes/Control_Central.jpg, id=73, 5331.92pt x 3998.94pt>
File: src/imagenes/Control_Central.jpg Graphic file (type jpg)
<use src/imagenes/Control_Central.jpg>
Package pdftex.def Info: src/imagenes/Control_Central.jpg  used on input line 4
18.
(pdftex.def)             Requested size: 533.22324pt x 399.91743pt.
File: src/institucion/Logo_uner-434x331.png Graphic file (type png)
<use src/institucion/Logo_uner-434x331.png>
Package pdftex.def Info: src/institucion/Logo_uner-434x331.png  used on input l
ine 422.
(pdftex.def)             Requested size: 26.13652pt x 19.93361pt.
[11]
<src/imagenes/Control_servo.jpg, id=78, 5331.92pt x 3998.94pt>
File: src/imagenes/Control_servo.jpg Graphic file (type jpg)
<use src/imagenes/Control_servo.jpg>
Package pdftex.def Info: src/imagenes/Control_servo.jpg  used on input line 427
.
(pdftex.def)             Requested size: 426.56232pt x 319.92174pt.
File: src/institucion/Logo_uner-434x331.png Graphic file (type png)
<use src/institucion/Logo_uner-434x331.png>
Package pdftex.def Info: src/institucion/Logo_uner-434x331.png  used on input l
ine 431.
(pdftex.def)             Requested size: 26.13652pt x 19.93361pt.
 [12 <./src/imagenes/Control_Central.jpg>]
<src/imagenes/Fuente_de_corriente.jpg, id=82, 5331.92pt x 3998.94pt>
File: src/imagenes/Fuente_de_corriente.jpg Graphic file (type jpg)
<use src/imagenes/Fuente_de_corriente.jpg>
Package pdftex.def Info: src/imagenes/Fuente_de_corriente.jpg  used on input li
ne 438.
(pdftex.def)             Requested size: 533.22324pt x 399.91743pt.
File: src/institucion/Logo_uner-434x331.png Graphic file (type png)
<use src/institucion/Logo_uner-434x331.png>
Package pdftex.def Info: src/institucion/Logo_uner-434x331.png  used on input l
ine 442.
(pdftex.def)             Requested size: 26.13652pt x 19.93361pt.
 [13 <./src/imagenes/Control_servo.jpg>]
Underfull \hbox (badness 10000) in paragraph at lines 446--447

 []

File: src/institucion/Logo_uner-434x331.png Graphic file (type png)
<use src/institucion/Logo_uner-434x331.png>
Package pdftex.def Info: src/institucion/Logo_uner-434x331.png  used on input l
ine 448.
(pdftex.def)             Requested size: 26.13652pt x 19.93361pt.
[14 <./src/imagenes/Fuente_de_corriente.jpg>]
<src/imagenes/HMI_1.png, id=89, 1927.2pt x 1084.05pt>
File: src/imagenes/HMI_1.png Graphic file (type png)
<use src/imagenes/HMI_1.png>
Package pdftex.def Info: src/imagenes/HMI_1.png  used on input line 452.
(pdftex.def)             Requested size: 481.79883pt x 271.01184pt.

Underfull \hbox (badness 10000) in paragraph at lines 457--458

 []

<src/imagenes/HMI_2.png, id=90, 1927.2pt x 1084.05pt>
File: src/imagenes/HMI_2.png Graphic file (type png)
<use src/imagenes/HMI_2.png>
Package pdftex.def Info: src/imagenes/HMI_2.png  used on input line 463.
(pdftex.def)             Requested size: 481.79883pt x 271.01184pt.
File: src/institucion/Logo_uner-434x331.png Graphic file (type png)
<use src/institucion/Logo_uner-434x331.png>
Package pdftex.def Info: src/institucion/Logo_uner-434x331.png  used on input l
ine 467.
(pdftex.def)             Requested size: 26.13652pt x 19.93361pt.
[15 <./src/imagenes/HMI_1.png>]
<src/imagenes/Sesor_patron.jpg, id=95, 5331.92pt x 3998.94pt>
File: src/imagenes/Sesor_patron.jpg Graphic file (type jpg)
<use src/imagenes/Sesor_patron.jpg>
Package pdftex.def Info: src/imagenes/Sesor_patron.jpg  used on input line 473.

(pdftex.def)             Requested size: 426.56232pt x 319.92174pt.
File: src/institucion/Logo_uner-434x331.png Graphic file (type png)
<use src/institucion/Logo_uner-434x331.png>
Package pdftex.def Info: src/institucion/Logo_uner-434x331.png  used on input l
ine 477.
(pdftex.def)             Requested size: 26.13652pt x 19.93361pt.
 [16 <./src/imagenes/HMI_2.png>]
<src/imagenes/Sistema_prueba_1.jpg, id=100, 5331.92pt x 3998.94pt>
File: src/imagenes/Sistema_prueba_1.jpg Graphic file (type jpg)
<use src/imagenes/Sistema_prueba_1.jpg>
Package pdftex.def Info: src/imagenes/Sistema_prueba_1.jpg  used on input line 
480.
(pdftex.def)             Requested size: 426.56232pt x 319.92174pt.
File: src/institucion/Logo_uner-434x331.png Graphic file (type png)
<use src/institucion/Logo_uner-434x331.png>
Package pdftex.def Info: src/institucion/Logo_uner-434x331.png  used on input l
ine 484.
(pdftex.def)             Requested size: 26.13652pt x 19.93361pt.
 [17 <./src/imagenes/Sesor_patron.jpg>]
<src/imagenes/Sistema_prueba_2.jpg, id=105, 5331.92pt x 3998.94pt>
File: src/imagenes/Sistema_prueba_2.jpg Graphic file (type jpg)
<use src/imagenes/Sistema_prueba_2.jpg>
Package pdftex.def Info: src/imagenes/Sistema_prueba_2.jpg  used on input line 
487.
(pdftex.def)             Requested size: 426.56232pt x 319.92174pt.
File: src/institucion/Logo_uner-434x331.png Graphic file (type png)
<use src/institucion/Logo_uner-434x331.png>
Package pdftex.def Info: src/institucion/Logo_uner-434x331.png  used on input l
ine 491.
(pdftex.def)             Requested size: 26.13652pt x 19.93361pt.
 [18 <./src/imagenes/Sistema_prueba_1.jpg>]
File: src/institucion/Logo_uner-434x331.png Graphic file (type png)
<use src/institucion/Logo_uner-434x331.png>
Package pdftex.def Info: src/institucion/Logo_uner-434x331.png  used on input l
ine 504.
(pdftex.def)             Requested size: 26.13652pt x 19.93361pt.
 [19 <./src/imagenes/Sistema_prueba_2.jpg>] (Presentacion.aux
LaTeX Info: Redefining \. on input line 7.
LaTeX Info: Redefining \% on input line 7.
)

LaTeX Warning: There were multiply-defined labels.

 ) 
Here is how much of TeX's memory you used:
 26629 strings out of 492483
 640651 string characters out of 3132190
 864792 words of memory out of 3000000
 30466 multiletter control sequences out of 15000+200000
 25686 words of font info for 86 fonts, out of 3000000 for 9000
 1141 hyphenation exceptions out of 8191
 68i,17n,98p,711b,609s stack positions out of 5000i,500n,10000p,200000b,50000s
 <C:\Users\Gabi\AppData\Local\MiKTeX\2.9\fonts/pk/ljfour/jknappen/ec/dpi600\e
cbx1440.pk> <C:\Users\Gabi\AppData\Local\MiKTeX\2.9\fonts/pk/ljfour/jknappen/ec
/dpi600\ecbx1728.pk> <C:\Users\Gabi\AppData\Local\MiKTeX\2.9\fonts/pk/ljfour/jk
nappen/ec/dpi600\ecrm1200.pk> <C:\Users\Gabi\AppData\Local\MiKTeX\2.9\fonts/pk/
ljfour/jknappen/ec/dpi600\ecbx1200.pk> <C:\Users\Gabi\AppData\Local\MiKTeX\2.9\
fonts/pk/ljfour/jknappen/ec/dpi600\ecbx2488.pk><D:/Programas/MiKTeX 2.9/fonts/t
ype1/public/amsfonts/cm/cmex10.pfb><D:/Programas/MiKTeX 2.9/fonts/type1/public/
amsfonts/cm/cmmi12.pfb><D:/Programas/MiKTeX 2.9/fonts/type1/public/amsfonts/cm/
cmmi6.pfb><D:/Programas/MiKTeX 2.9/fonts/type1/public/amsfonts/cm/cmmi8.pfb><D:
/Programas/MiKTeX 2.9/fonts/type1/public/amsfonts/cm/cmr12.pfb><D:/Programas/Mi
KTeX 2.9/fonts/type1/public/amsfonts/cm/cmr6.pfb><D:/Programas/MiKTeX 2.9/fonts
/type1/public/amsfonts/cm/cmr8.pfb><D:/Programas/MiKTeX 2.9/fonts/type1/public/
amsfonts/cm/cmsy10.pfb><D:/Programas/MiKTeX 2.9/fonts/type1/public/amsfonts/cm/
cmsy6.pfb><D:/Programas/MiKTeX 2.9/fonts/type1/public/amsfonts/cm/cmsy8.pfb>
Output written on Presentacion.pdf (21 pages, 41469127 bytes).
PDF statistics:
 371 PDF objects out of 1000 (max. 8388607)
 0 named destinations out of 1000 (max. 500000)
 103 words of extra memory for PDF output out of 10000 (max. 10000000)

